# JRE version: OpenJDK Runtime Environment (8.0_242-b01) (build 1.8.0_242-release-1644-b01)
# Java VM: OpenJDK 64-Bit Server VM (25.242-b01 mixed mode windows-amd64 compressed oops)
Heap:
 PSYoungGen      total 616448K, used 280506K [0x00000000d5580000, 0x00000000ff800000, 0x0000000100000000)
  eden space 550400K, 47% used [0x00000000d5580000,0x00000000e53c4748,0x00000000f6f00000)
  from space 66048K, 30% used [0x00000000fb780000,0x00000000fcb2a100,0x00000000ff800000)
  to   space 70144K, 0% used [0x00000000f6f00000,0x00000000f6f00000,0x00000000fb380000)
 ParOldGen       total 344576K, used 93399K [0x0000000080000000, 0x0000000095080000, 0x00000000d5580000)
  object space 344576K, 27% used [0x0000000080000000,0x0000000085b35ed8,0x0000000095080000)
 Metaspace       used 96598K, capacity 101402K, committed 105896K, reserved 1140736K
  class space    used 12584K, capacity 13530K, committed 14768K, reserved 1048576K
GC Heap History (10 events):
Event: 23.243 GC heap before
{Heap before GC invocations=22 (full 3):
 PSYoungGen      total 464384K, used 436543K [0x00000000d5580000, 0x00000000f4880000, 0x0000000100000000)
  eden space 428032K, 99% used [0x00000000d5580000,0x00000000ef76bc28,0x00000000ef780000)
  from space 36352K, 23% used [0x00000000f2500000,0x00000000f2d640f0,0x00000000f4880000)
  to   space 41472K, 0% used [0x00000000ef780000,0x00000000ef780000,0x00000000f2000000)
 ParOldGen       total 210944K, used 123980K [0x0000000080000000, 0x000000008ce00000, 0x00000000d5580000)
  object space 210944K, 58% used [0x0000000080000000,0x0000000087913080,0x000000008ce00000)
 Metaspace       used 87866K, capacity 95012K, committed 95272K, reserved 1130496K
  class space    used 12135K, capacity 13561K, committed 13616K, reserved 1048576K
Event: 23.275 GC heap after
Heap after GC invocations=22 (full 3):
 PSYoungGen      total 469504K, used 41456K [0x00000000d5580000, 0x00000000fb300000, 0x0000000100000000)
  eden space 428032K, 0% used [0x00000000d5580000,0x00000000d5580000,0x00000000ef780000)
  from space 41472K, 99% used [0x00000000ef780000,0x00000000f1ffc2c8,0x00000000f2000000)
  to   space 57344K, 0% used [0x00000000f7b00000,0x00000000f7b00000,0x00000000fb300000)
 ParOldGen       total 210944K, used 149040K [0x0000000080000000, 0x000000008ce00000, 0x00000000d5580000)
  object space 210944K, 70% used [0x0000000080000000,0x000000008918c220,0x000000008ce00000)
 Metaspace       used 87866K, capacity 95012K, committed 95272K, reserved 1130496K
  class space    used 12135K, capacity 13561K, committed 13616K, reserved 1048576K
}
Event: 24.284 GC heap before
{Heap before GC invocations=23 (full 3):
 PSYoungGen      total 469504K, used 300276K [0x00000000d5580000, 0x00000000fb300000, 0x0000000100000000)
  eden space 428032K, 60% used [0x00000000d5580000,0x00000000e5240e08,0x00000000ef780000)
  from space 41472K, 99% used [0x00000000ef780000,0x00000000f1ffc2c8,0x00000000f2000000)
  to   space 57344K, 0% used [0x00000000f7b00000,0x00000000f7b00000,0x00000000fb300000)
 ParOldGen       total 210944K, used 149040K [0x0000000080000000, 0x000000008ce00000, 0x00000000d5580000)
  object space 210944K, 70% used [0x0000000080000000,0x000000008918c220,0x000000008ce00000)
 Metaspace       used 91218K, capacity 98568K, committed 98856K, reserved 1134592K
  class space    used 12581K, capacity 14071K, committed 14128K, reserved 1048576K
Event: 24.310 GC heap after
Heap after GC invocations=23 (full 3):
 PSYoungGen      total 545792K, used 57319K [0x00000000d5580000, 0x00000000fd280000, 0x0000000100000000)
  eden space 488448K, 0% used [0x00000000d5580000,0x00000000d5580000,0x00000000f3280000)
  from space 57344K, 99% used [0x00000000f7b00000,0x00000000fb2f9e58,0x00000000fb300000)
  to   space 74240K, 0% used [0x00000000f3280000,0x00000000f3280000,0x00000000f7b00000)
 ParOldGen       total 210944K, used 170682K [0x0000000080000000, 0x000000008ce00000, 0x00000000d5580000)
  object space 210944K, 80% used [0x0000000080000000,0x000000008a6ae968,0x000000008ce00000)
 Metaspace       used 91218K, capacity 98568K, committed 98856K, reserved 1134592K
  class space    used 12581K, capacity 14071K, committed 14128K, reserved 1048576K
}
Event: 24.561 GC heap before
{Heap before GC invocations=24 (full 3):
 PSYoungGen      total 545792K, used 72098K [0x00000000d5580000, 0x00000000fd280000, 0x0000000100000000)
  eden space 488448K, 3% used [0x00000000d5580000,0x00000000d63eeaf8,0x00000000f3280000)
  from space 57344K, 99% used [0x00000000f7b00000,0x00000000fb2f9e58,0x00000000fb300000)
  to   space 74240K, 0% used [0x00000000f3280000,0x00000000f3280000,0x00000000f7b00000)
 ParOldGen       total 210944K, used 170682K [0x0000000080000000, 0x000000008ce00000, 0x00000000d5580000)
  object space 210944K, 80% used [0x0000000080000000,0x000000008a6ae968,0x000000008ce00000)
 Metaspace       used 91587K, capacity 98910K, committed 98932K, reserved 1134592K
  class space    used 12633K, capacity 14116K, committed 14128K, reserved 1048576K
Event: 24.577 GC heap after
Heap after GC invocations=24 (full 3):
 PSYoungGen      total 562688K, used 4033K [0x00000000d5580000, 0x0000000100000000, 0x0000000100000000)
  eden space 488448K, 0% used [0x00000000d5580000,0x00000000d5580000,0x00000000f3280000)
  from space 74240K, 5% used [0x00000000f3280000,0x00000000f3670450,0x00000000f7b00000)
  to   space 74240K, 0% used [0x00000000fb780000,0x00000000fb780000,0x0000000100000000)
 ParOldGen       total 212480K, used 212002K [0x0000000080000000, 0x000000008cf80000, 0x00000000d5580000)
  object space 212480K, 99% used [0x0000000080000000,0x000000008cf08a40,0x000000008cf80000)
 Metaspace       used 91587K, capacity 98910K, committed 98932K, reserved 1134592K
  class space    used 12633K, capacity 14116K, committed 14128K, reserved 1048576K
}
Event: 24.577 GC heap before
{Heap before GC invocations=25 (full 4):
 PSYoungGen      total 562688K, used 4033K [0x00000000d5580000, 0x0000000100000000, 0x0000000100000000)
  eden space 488448K, 0% used [0x00000000d5580000,0x00000000d5580000,0x00000000f3280000)
  from space 74240K, 5% used [0x00000000f3280000,0x00000000f3670450,0x00000000f7b00000)
  to   space 74240K, 0% used [0x00000000fb780000,0x00000000fb780000,0x0000000100000000)
 ParOldGen       total 212480K, used 212002K [0x0000000080000000, 0x000000008cf80000, 0x00000000d5580000)
  object space 212480K, 99% used [0x0000000080000000,0x000000008cf08a40,0x000000008cf80000)
 Metaspace       used 91587K, capacity 98910K, committed 98932K, reserved 1134592K
  class space    used 12633K, capacity 14116K, committed 14128K, reserved 1048576K
Event: 24.697 GC heap after
Heap after GC invocations=25 (full 4):
 PSYoungGen      total 562688K, used 0K [0x00000000d5580000, 0x0000000100000000, 0x0000000100000000)
  eden space 488448K, 0% used [0x00000000d5580000,0x00000000d5580000,0x00000000f3280000)
  from space 74240K, 0% used [0x00000000f3280000,0x00000000f3280000,0x00000000f7b00000)
  to   space 74240K, 0% used [0x00000000fb780000,0x00000000fb780000,0x0000000100000000)
 ParOldGen       total 344576K, used 93391K [0x0000000080000000, 0x0000000095080000, 0x00000000d5580000)
  object space 344576K, 27% used [0x0000000080000000,0x0000000085b33ed8,0x0000000095080000)
 Metaspace       used 88610K, capacity 92644K, committed 98932K, reserved 1134592K
  class space    used 11786K, capacity 12651K, committed 14128K, reserved 1048576K
}
Event: 241.189 GC heap before
{Heap before GC invocations=26 (full 4):
 PSYoungGen      total 562688K, used 488448K [0x00000000d5580000, 0x0000000100000000, 0x0000000100000000)
  eden space 488448K, 100% used [0x00000000d5580000,0x00000000f3280000,0x00000000f3280000)
  from space 74240K, 0% used [0x00000000f3280000,0x00000000f3280000,0x00000000f7b00000)
  to   space 74240K, 0% used [0x00000000fb780000,0x00000000fb780000,0x0000000100000000)
 ParOldGen       total 344576K, used 93391K [0x0000000080000000, 0x0000000095080000, 0x00000000d5580000)
  object space 344576K, 27% used [0x0000000080000000,0x0000000085b33ed8,0x0000000095080000)
 Metaspace       used 95916K, capacity 100374K, committed 105384K, reserved 1140736K
  class space    used 12513K, capacity 13434K, committed 14768K, reserved 1048576K
Event: 241.205 GC heap after
Heap after GC invocations=26 (full 4):
 PSYoungGen      total 616448K, used 20136K [0x00000000d5580000, 0x00000000ff800000, 0x0000000100000000)
  eden space 550400K, 0% used [0x00000000d5580000,0x00000000d5580000,0x00000000f6f00000)
  from space 66048K, 30% used [0x00000000fb780000,0x00000000fcb2a100,0x00000000ff800000)
  to   space 70144K, 0% used [0x00000000f6f00000,0x00000000f6f00000,0x00000000fb380000)
 ParOldGen       total 344576K, used 93399K [0x0000000080000000, 0x0000000095080000, 0x00000000d5580000)
  object space 344576K, 27% used [0x0000000080000000,0x0000000085b35ed8,0x0000000095080000)
 Metaspace       used 95916K, capacity 100374K, committed 105384K, reserved 1140736K
  class space    used 12513K, capacity 13434K, committed 14768K, reserved 1048576K
}

